[austry-html.vercel.app/index.html]
[backblue.gif]
[fade.gif]
[index.html]
[austry-html.vercel.app/assets/images/favicons/apple-touch-icon.png]
[austry-html.vercel.app/assets/images/favicons/favicon-32x32.png]
[austry-html.vercel.app/assets/images/favicons/favicon-16x16.png]
[austry-html.vercel.app/assets/images/favicons/site.webmanifest]
[austry-html.vercel.app/assets/vendors/bootstrap/css/bootstrap.min.css]
[austry-html.vercel.app/assets/vendors/animate/animate.min.css]
[austry-html.vercel.app/assets/vendors/animate/custom-animate.css]
[austry-html.vercel.app/assets/vendors/fontawesome/css/all.min.css]
[austry-html.vercel.app/assets/vendors/jquery-magnific-popup/jquery.magnific-popup.css]
[austry-html.vercel.app/assets/vendors/nouislider/nouislider.min.css]
[austry-html.vercel.app/assets/vendors/nouislider/nouislider.pips.css]
[austry-html.vercel.app/assets/vendors/odometer/odometer.min.css]
[austry-html.vercel.app/assets/vendors/swiper/swiper.min.css]
[austry-html.vercel.app/assets/vendors/austry-icons/style.css]
[austry-html.vercel.app/assets/vendors/tiny-slider/tiny-slider.min.css]
[austry-html.vercel.app/assets/vendors/owl-carousel/owl.carousel.min.css]
[austry-html.vercel.app/assets/vendors/owl-carousel/owl.theme.default.min.css]
[austry-html.vercel.app/assets/vendors/bxslider/jquery.bxslider.css]
[austry-html.vercel.app/assets/vendors/bootstrap-select/css/bootstrap-select.min.css]
[austry-html.vercel.app/assets/vendors/vegas/vegas.min.css]
[austry-html.vercel.app/assets/vendors/jquery-ui/jquery-ui.css]
[austry-html.vercel.app/assets/vendors/timepicker/timePicker.css]
[austry-html.vercel.app/assets/css/austry.css]
[austry-html.vercel.app/assets/css/austry-responsive.css]
[austry-html.vercel.app/needhelp@company.com]
[austry-html.vercel.app/contact.html]
[austry-html.vercel.app/assets/images/resources/logo-1.png]
[austry-html.vercel.app/index2.html]
[austry-html.vercel.app/index3.html]
[austry-html.vercel.app/index4.html]
[austry-html.vercel.app/index5.html]
[austry-html.vercel.app/index6.html]
[austry-html.vercel.app/about.html]
[austry-html.vercel.app/team.html]
[austry-html.vercel.app/our-clients.html]
[austry-html.vercel.app/faq.html]
[austry-html.vercel.app/services-1.html]
[austry-html.vercel.app/services-2.html]
[austry-html.vercel.app/services-3.html]
[austry-html.vercel.app/services-4.html]
[austry-html.vercel.app/services-5.html]
[austry-html.vercel.app/services-6.html]
[austry-html.vercel.app/mechanical-expert.html]
[austry-html.vercel.app/repair-welding.html]
[austry-html.vercel.app/appartment-design.html]
[austry-html.vercel.app/design-build.html]
[austry-html.vercel.app/house-renovation.html]
[austry-html.vercel.app/building-material.html]
[austry-html.vercel.app/projects-1.html]
[austry-html.vercel.app/projects-2.html]
[austry-html.vercel.app/projects-3.html]
[austry-html.vercel.app/project-details.html]
[austry-html.vercel.app/news.html]
[austry-html.vercel.app/news-details.html]
[austry-html.vercel.app/assets/images/backgrounds/main-slider-1-1.jpg]
[austry-html.vercel.app/assets/images/backgrounds/main-slider-1-2.jpg]
[austry-html.vercel.app/assets/images/backgrounds/main-slider-1-3.jpg]
[austry-html.vercel.app/assets/images/shapes/about-one-shape-1.png]
[austry-html.vercel.app/assets/images/resources/about-one-img-1.jpg]
[austry-html.vercel.app/assets/images/resources/about-one-img-2.jpg]
[austry-html.vercel.app/assets/images/shapes/counter-one-shape-1.png]
[austry-html.vercel.app/assets/images/shapes/counter-one-shape-2.png]
[austry-html.vercel.app/assets/images/shapes/services-one-shape-1.png]
[austry-html.vercel.app/assets/images/shapes/services-one-shape-2.png]
[austry-html.vercel.app/assets/images/services/services-1-1.jpg]
[austry-html.vercel.app/assets/images/services/services-1-2.jpg]
[austry-html.vercel.app/assets/images/services/services-1-3.jpg]
[austry-html.vercel.app/assets/images/project/project-1-1.jpg]
[austry-html.vercel.app/assets/images/project/project-1-2.jpg]
[austry-html.vercel.app/assets/images/project/project-1-3.jpg]
[austry-html.vercel.app/assets/images/project/project-1-4.jpg]
[austry-html.vercel.app/assets/images/backgrounds/trusted-one-bg.jpg]
[austry-html.vercel.app/assets/images/shapes/best-construction-shape-1.png]
[austry-html.vercel.app/assets/images/resources/best-construction-img-1.jpg]
[austry-html.vercel.app/assets/images/team/team-1-1.jpg]
[austry-html.vercel.app/assets/images/team/team-1-2.jpg]
[austry-html.vercel.app/assets/images/team/team-1-3.jpg]
[austry-html.vercel.app/assets/images/brand/brand-1-1.png]
[austry-html.vercel.app/assets/images/brand/brand-1-2.png]
[austry-html.vercel.app/assets/images/brand/brand-1-3.png]
[austry-html.vercel.app/assets/images/brand/brand-1-4.png]
[austry-html.vercel.app/assets/images/brand/brand-1-5.png]
[austry-html.vercel.app/assets/images/backgrounds/testimonial-one-bg.png]
[austry-html.vercel.app/assets/images/shapes/testimonial-shape-1.png]
[austry-html.vercel.app/assets/images/testimonial/testimonial-1-1.jpg]
[austry-html.vercel.app/assets/images/testimonial/testimonial-1-2.jpg]
[austry-html.vercel.app/assets/images/blog/news-1-1.jpg]
[austry-html.vercel.app/assets/images/blog/news-1-2.jpg]
[austry-html.vercel.app/assets/images/blog/news-1-3.jpg]
[austry-html.vercel.app/assets/images/resources/site-footer-img-1.jpg]
[austry-html.vercel.app/assets/images/resources/footer-logo.png]
[austry-html.vercel.app/assets/images/icon/paper-plan-icon.png]
[austry-html.vercel.app/assets/vendors/jquery/jquery-3.6.0.min.js]
[austry-html.vercel.app/assets/vendors/bootstrap/js/bootstrap.bundle.min.js]
[austry-html.vercel.app/assets/vendors/jarallax/jarallax.min.js]
[austry-html.vercel.app/assets/vendors/jquery-ajaxchimp/jquery.ajaxchimp.min.js]
[austry-html.vercel.app/assets/vendors/jquery-appear/jquery.appear.min.js]
[austry-html.vercel.app/assets/vendors/jquery-circle-progress/jquery.circle-progress.min.js]
[austry-html.vercel.app/assets/vendors/jquery-magnific-popup/jquery.magnific-popup.min.js]
[austry-html.vercel.app/assets/vendors/jquery-validate/jquery.validate.min.js]
[austry-html.vercel.app/assets/vendors/nouislider/nouislider.min.js]
[austry-html.vercel.app/assets/vendors/odometer/odometer.min.js]
[austry-html.vercel.app/assets/vendors/swiper/swiper.min.js]
[austry-html.vercel.app/assets/vendors/tiny-slider/tiny-slider.min.js]
[austry-html.vercel.app/assets/vendors/wnumb/wNumb.min.js]
[austry-html.vercel.app/assets/vendors/wow/wow.js]
[austry-html.vercel.app/assets/vendors/isotope/isotope.js]
[austry-html.vercel.app/assets/vendors/countdown/countdown.min.js]
[austry-html.vercel.app/assets/vendors/owl-carousel/owl.carousel.min.js]
[austry-html.vercel.app/assets/vendors/bxslider/jquery.bxslider.min.js]
[austry-html.vercel.app/assets/vendors/bootstrap-select/js/bootstrap-select.min.js]
[austry-html.vercel.app/assets/vendors/vegas/vegas.min.js]
[austry-html.vercel.app/assets/vendors/jquery-ui/jquery-ui.js]
[austry-html.vercel.app/assets/vendors/timepicker/timePicker.js]
[austry-html.vercel.app/assets/vendors/circleType/jquery.circleType.js]
[austry-html.vercel.app/assets/vendors/circleType/jquery.lettering.min.js]
[austry-html.vercel.app/assets/vendors/sidebar-content/jquery-sidebar-content.js]
[austry-html.vercel.app/index.html]
[austry-html.vercel.app/assets/vendors/bootstrap/css/bootstrap.min.css]
[austry-html.vercel.app/assets/vendors/animate/animate.min.css]
[austry-html.vercel.app/assets/vendors/animate/custom-animate.css]
[austry-html.vercel.app/assets/js/austry.js]
[austry-html.vercel.app/index-2.html]
[austry-html.vercel.app/assets/vendors/fontawesome/webfonts/fa-brands-400.eot]
[austry-html.vercel.app/assets/vendors/fontawesome/webfonts/fa-brands-400d41d.eot]
[austry-html.vercel.app/assets/vendors/fontawesome/webfonts/fa-brands-400.woff2]
[austry-html.vercel.app/assets/vendors/fontawesome/webfonts/fa-brands-400.woff]
[austry-html.vercel.app/assets/vendors/fontawesome/webfonts/fa-brands-400.ttf]
[austry-html.vercel.app/assets/vendors/fontawesome/webfonts/fa-regular-400.eot]
[austry-html.vercel.app/assets/vendors/fontawesome/webfonts/fa-brands-400.svg]
[austry-html.vercel.app/assets/vendors/fontawesome/webfonts/fa-regular-400d41d.eot]
[austry-html.vercel.app/assets/vendors/fontawesome/webfonts/fa-regular-400.woff2]
[austry-html.vercel.app/assets/vendors/fontawesome/webfonts/fa-regular-400.woff]
[austry-html.vercel.app/assets/vendors/fontawesome/webfonts/fa-regular-400.ttf]
[austry-html.vercel.app/assets/vendors/fontawesome/webfonts/fa-regular-400.svg]
[austry-html.vercel.app/assets/vendors/fontawesome/webfonts/fa-solid-900.eot]
[austry-html.vercel.app/assets/vendors/fontawesome/webfonts/fa-solid-900d41d.eot]
[austry-html.vercel.app/assets/vendors/fontawesome/webfonts/fa-solid-900.woff2]
[austry-html.vercel.app/assets/vendors/fontawesome/webfonts/fa-solid-900.woff]
[austry-html.vercel.app/assets/vendors/fontawesome/webfonts/fa-solid-900.ttf]
[austry-html.vercel.app/assets/vendors/fontawesome/css/all.min.css]
[austry-html.vercel.app/assets/vendors/jarallax/jarallax.css]
[austry-html.vercel.app/assets/vendors/jquery-magnific-popup/jquery.magnific-popup.css]
[austry-html.vercel.app/assets/vendors/nouislider/nouislider.min.css]
[austry-html.vercel.app/assets/vendors/nouislider/nouislider.pips.css]
[austry-html.vercel.app/assets/vendors/odometer/odometer.min.css]
[austry-html.vercel.app/assets/vendors/swiper/swiper.min.css]
[austry-html.vercel.app/assets/vendors/fontawesome/webfonts/fa-solid-900.svg]
[austry-html.vercel.app/assets/vendors/austry-icons/fonts/icomoon78ed.eot]
[austry-html.vercel.app/assets/vendors/austry-icons/fonts/icomoon78ed.ttf]
[austry-html.vercel.app/assets/vendors/austry-icons/fonts/icomoon78ed.woff]
[austry-html.vercel.app/assets/vendors/austry-icons/style.css]
[austry-html.vercel.app/assets/vendors/tiny-slider/tiny-slider.min.css]
[austry-html.vercel.app/assets/vendors/austry-icons/fonts/icomoon78ed.svg]
[austry-html.vercel.app/assets/vendors/reey-font/reey-regular-webfont.woff2]
[austry-html.vercel.app/assets/vendors/reey-font/reey-regular-webfont.woff]
[austry-html.vercel.app/assets/vendors/reey-font/stylesheet.css]
[austry-html.vercel.app/assets/vendors/owl-carousel/owl.video.play.png]
[austry-html.vercel.app/assets/vendors/owl-carousel/owl.carousel.min.css]
[austry-html.vercel.app/assets/vendors/owl-carousel/owl.theme.default.min.css]
[austry-html.vercel.app/assets/vendors/images/icon/bx_loader.gif]
[austry-html.vercel.app/assets/vendors/img/bx-slider/controls.png]
[austry-html.vercel.app/assets/vendors/bxslider/jquery.bxslider.css]
[austry-html.vercel.app/assets/vendors/bootstrap-select/css/bootstrap-select.min.css]
[austry-html.vercel.app/assets/vendors/vegas/overlays/02.png]
[austry-html.vercel.app/assets/vendors/vegas/vegas.min.css]
[austry-html.vercel.app/assets/vendors/jquery-ui/images/ui-bg_highlight-soft_75_cccccc_1x100.png]
[austry-html.vercel.app/assets/vendors/jquery-ui/images/ui-bg_glass_75_e6e6e6_1x400.png]
[austry-html.vercel.app/assets/vendors/jquery-ui/images/ui-bg_glass_75_dadada_1x400.png]
[austry-html.vercel.app/assets/vendors/jquery-ui/images/ui-bg_glass_65_ffffff_1x400.png]
[austry-html.vercel.app/assets/vendors/jquery-ui/images/ui-bg_glass_55_fbf9ee_1x400.png]
[austry-html.vercel.app/assets/vendors/jquery-ui/images/ui-bg_glass_95_fef1ec_1x400.png]
[austry-html.vercel.app/assets/vendors/jquery-ui/images/ui-icons_222222_256x240.png]
[austry-html.vercel.app/assets/vendors/jquery-ui/images/ui-icons_888888_256x240.png]
[austry-html.vercel.app/assets/vendors/jquery-ui/images/ui-icons_454545_256x240.png]
[austry-html.vercel.app/assets/vendors/jquery-ui/images/ui-icons_2e83ff_256x240.png]
[austry-html.vercel.app/assets/vendors/jquery-ui/images/ui-icons_cd0a0a_256x240.png]
[austry-html.vercel.app/assets/vendors/jquery-ui/jquery-ui.css]
[austry-html.vercel.app/assets/vendors/timepicker/images/ui-icons_444444_256x240.png]
[austry-html.vercel.app/assets/vendors/timepicker/timePicker.css]
[austry-html.vercel.app/assets/images/loader.png]
[austry-html.vercel.app/assets/images/icon/cross-out.png]
[austry-html.vercel.app/assets/images/shapes/trusted-one-shape-1.png]
[austry-html.vercel.app/assets/css/austry.css]
[austry-html.vercel.app/assets/css/austry-responsive.css]
[austry-html.vercel.app/needhelp@company.html]
[austry-html.vercel.app/assets/images/backgrounds/page-header-bg.jpg]
[austry-html.vercel.app/contact.html]
[austry-html.vercel.app/assets/images/shapes/contact-page-form-shape-1.png]
[austry-html.vercel.app/assets/images/resources/logo-2.png]
[austry-html.vercel.app/assets/images/backgrounds/main-slider-2-1.jpg]
[austry-html.vercel.app/assets/images/icon/main-slider-two-icon.png]
[austry-html.vercel.app/assets/images/backgrounds/main-slider-2-2.jpg]
[austry-html.vercel.app/assets/images/backgrounds/main-slider-2-3.jpg]
[austry-html.vercel.app/assets/images/shapes/services-two-shape-1.png]
[austry-html.vercel.app/assets/images/shapes/services-two-shape-2.png]
[austry-html.vercel.app/assets/images/services/services-2-1.jpg]
[austry-html.vercel.app/assets/images/services/services-2-2.jpg]
[austry-html.vercel.app/assets/images/services/services-2-3.jpg]
[austry-html.vercel.app/assets/images/services/services-2-4.jpg]
[austry-html.vercel.app/assets/images/shapes/about-two-shape-1.png]
[austry-html.vercel.app/assets/images/resources/about-two-img-1.jpg]
[austry-html.vercel.app/assets/images/resources/about-two-small-img.jpg]
[austry-html.vercel.app/assets/images/resources/about-two-points-img.jpg]
[austry-html.vercel.app/922460088]
[austry-html.vercel.app/assets/images/backgrounds/process-one-bg.jpg]
[austry-html.vercel.app/assets/images/shapes/project-two-shape-1.png]
[austry-html.vercel.app/assets/images/project/project-2-1.jpg]
[austry-html.vercel.app/assets/images/project/project-2-2.jpg]
[austry-html.vercel.app/assets/images/project/project-2-3.jpg]
[austry-html.vercel.app/assets/images/project/project-2-4.jpg]
[austry-html.vercel.app/assets/images/project/project-2-5.jpg]
[austry-html.vercel.app/assets/images/brand/brand-2-1.png]
[austry-html.vercel.app/assets/images/brand/brand-2-2.png]
[austry-html.vercel.app/assets/images/brand/brand-2-3.png]
[austry-html.vercel.app/assets/images/brand/brand-2-4.png]
[austry-html.vercel.app/assets/images/brand/brand-2-5.png]
[austry-html.vercel.app/assets/images/backgrounds/counter-two-bg.jpg]
[austry-html.vercel.app/assets/images/shapes/why-choose-one-shape-1.png]
[austry-html.vercel.app/assets/images/resources/why-choose-one-img-1.jpg]
[austry-html.vercel.app/assets/images/shapes/team-two-shape-2.png]
[austry-html.vercel.app/assets/images/team/team-2-1.jpg]
[austry-html.vercel.app/assets/images/team/team-2-2.jpg]
[austry-html.vercel.app/assets/images/team/team-2-3.jpg]
[austry-html.vercel.app/assets/images/team/team-2-4.jpg]
[austry-html.vercel.app/assets/images/shapes/news-two-shape-1.png]
[austry-html.vercel.app/assets/images/blog/news-2-1.jpg]
[austry-html.vercel.app/assets/images/blog/news-2-2.jpg]
[austry-html.vercel.app/assets/images/blog/news-2-3.jpg]
[austry-html.vercel.app/assets/images/resources/footer-logo-2.png]
[austry-html.vercel.app/index2.html]
[austry-html.vercel.app/assets/images/resources/logo-3.png]
[austry-html.vercel.app/assets/images/backgrounds/main-slider-3-1.jpg]
[austry-html.vercel.app/assets/images/shapes/main-slider-three-shape-1.png]
[austry-html.vercel.app/assets/images/backgrounds/main-slider-3-2.jpg]
[austry-html.vercel.app/assets/images/backgrounds/main-slider-3-3.jpg]
[austry-html.vercel.app/assets/images/shapes/about-three-shape-1.png]
[austry-html.vercel.app/assets/images/resources/about-three-img-1.jpg]
[austry-html.vercel.app/assets/images/resources/about-three-img-2.jpg]
[austry-html.vercel.app/assets/images/services/services-3-1.jpg]
[austry-html.vercel.app/assets/images/services/services-3-2.jpg]
[austry-html.vercel.app/assets/images/services/services-3-3.jpg]
[austry-html.vercel.app/assets/images/backgrounds/solution.one-bg-img-1.jpg]
[austry-html.vercel.app/assets/images/project/project-3-1.jpg]
[austry-html.vercel.app/assets/images/project/project-3-2.jpg]
[austry-html.vercel.app/assets/images/project/project-3-3.jpg]
[austry-html.vercel.app/assets/images/project/project-3-4.jpg]
[austry-html.vercel.app/assets/images/shapes/team-three-bg-shape.png]
[austry-html.vercel.app/assets/images/team/team-3-1.jpg]
[austry-html.vercel.app/assets/images/team/team-3-2.jpg]
[austry-html.vercel.app/assets/images/team/team-3-3.jpg]
[austry-html.vercel.app/assets/images/backgrounds/testimonial-three-bg.png]
[austry-html.vercel.app/assets/images/testimonial/testimonial-3-1.jpg]
[austry-html.vercel.app/assets/images/icon/testimonial-three-icon-1.png]
[austry-html.vercel.app/assets/images/testimonial/testimonial-3-2.jpg]
[austry-html.vercel.app/assets/images/blog/news-3-1.jpg]
[austry-html.vercel.app/assets/images/blog/news-3-2.jpg]
[austry-html.vercel.app/assets/images/blog/news-3-3.jpg]
[austry-html.vercel.app/index3.html]
[austry-html.vercel.app/assets/images/resources/footer-logo-3.png]
[austry-html.vercel.app/assets/images/resources/logo-4.png]
[austry-html.vercel.app/assets/images/backgrounds/main-slider-4-1.jpg]
[austry-html.vercel.app/assets/images/shapes/main-slider-four-shape-1.png]
[austry-html.vercel.app/assets/images/shapes/main-slider-four-shape-2.png]
[austry-html.vercel.app/assets/images/shapes/main-slider-four-shape-3.png]
[austry-html.vercel.app/assets/images/backgrounds/main-slider-4-2.jpg]
[austry-html.vercel.app/assets/images/backgrounds/main-slider-4-3.jpg]
[austry-html.vercel.app/assets/images/resources/about-four-img-1.png]
[austry-html.vercel.app/assets/images/shapes/feature-one-shape-1.png]
[austry-html.vercel.app/assets/images/shapes/feature-one-single-one-shape.png]
[austry-html.vercel.app/assets/images/backgrounds/feature-one-bg-1.jpg]
[austry-html.vercel.app/assets/images/backgrounds/feature-one-bg-2.jpg]
[austry-html.vercel.app/assets/images/backgrounds/project-four-bg.jpg]
[austry-html.vercel.app/assets/images/project/project-4-1.jpg]
[austry-html.vercel.app/assets/images/project/project-4-2.jpg]
[austry-html.vercel.app/assets/images/project/project-4-3.jpg]
[austry-html.vercel.app/assets/images/project/project-4-4.jpg]
[austry-html.vercel.app/assets/images/shapes/counter-four-shape-1.png]
[austry-html.vercel.app/assets/images/resources/testimonial-four-big-img.png]
[austry-html.vercel.app/assets/images/backgrounds/testimonial-four-bg-1.jpg]
[austry-html.vercel.app/assets/images/shapes/testimonial-four-shape-1.png]
[austry-html.vercel.app/assets/images/testimonial/testimonial-4-1.jpg]
[austry-html.vercel.app/assets/images/testimonial/testimonial-4-2.jpg]
[austry-html.vercel.app/assets/images/testimonial/testimonial-4-3.jpg]
[austry-html.vercel.app/assets/images/testimonial/testimonial-four-client-img-1-1.jpg]
[austry-html.vercel.app/assets/images/testimonial/testimonial-four-client-img-1-2.jpg]
[austry-html.vercel.app/assets/images/services/services-4-1.jpg]
[austry-html.vercel.app/assets/images/services/services-4-2.jpg]
[austry-html.vercel.app/assets/images/services/services-4-3.jpg]
[austry-html.vercel.app/assets/images/resources/we-provide-left-img.jpg]
[austry-html.vercel.app/assets/images/shapes/we-provide-trusted-shape-1.png]
[austry-html.vercel.app/assets/images/backgrounds/we-provide-right-bg.jpg]
[austry-html.vercel.app/assets/images/blog/news-4-1.jpg]
[austry-html.vercel.app/assets/images/blog/news-4-2.jpg]
[austry-html.vercel.app/assets/images/blog/news-4-3.jpg]
[austry-html.vercel.app/assets/images/shapes/cta-one-shape-1.png]
[austry-html.vercel.app/assets/images/shapes/cta-one-shape-2.png]
[austry-html.vercel.app/index4.html]
[austry-html.vercel.app/assets/images/resources/footer-logo-4.png]
[austry-html.vercel.app/assets/images/resources/logo-5.png]
[austry-html.vercel.app/assets/images/backgrounds/main-slider-5-1.jpg]
[austry-html.vercel.app/assets/images/shapes/main-slider-five-shape-1.png]
[austry-html.vercel.app/assets/images/backgrounds/main-slider-5-2.jpg]
[austry-html.vercel.app/assets/images/backgrounds/main-slider-5-3.jpg]
[austry-html.vercel.app/assets/images/shapes/feature-two-shape-1.png]
[austry-html.vercel.app/assets/images/resources/about-five-img-1.jpg]
[austry-html.vercel.app/assets/images/resources/about-five-img-2.jpg]
[austry-html.vercel.app/assets/images/backgrounds/services-five-bg.jpg]
[austry-html.vercel.app/assets/images/services/services-5-1.jpg]
[austry-html.vercel.app/assets/images/services/services-5-2.jpg]
[austry-html.vercel.app/assets/images/services/services-5-3.jpg]
[austry-html.vercel.app/assets/images/backgrounds/team-five-bg.jpg]
[austry-html.vercel.app/assets/images/team/team-5-1.jpg]
[austry-html.vercel.app/assets/images/shapes/team-five-shape-1.png]
[austry-html.vercel.app/assets/images/team/team-5-2.jpg]
[austry-html.vercel.app/assets/images/team/team-5-3.jpg]
[austry-html.vercel.app/assets/images/backgrounds/project-five-bg.jpg]
[austry-html.vercel.app/assets/images/project/project-5-1.jpg]
[austry-html.vercel.app/assets/images/project/project-5-2.jpg]
[austry-html.vercel.app/assets/images/project/project-5-3.jpg]
[austry-html.vercel.app/assets/images/shapes/testimonial-five-shape-1.png]
[austry-html.vercel.app/assets/images/shapes/testimonial-five-dot.png]
[austry-html.vercel.app/assets/images/testimonial/testimonial-five-left-img.jpg]
[austry-html.vercel.app/assets/images/testimonial/testimonial-5-1.jpg]
[austry-html.vercel.app/assets/images/testimonial/testimonial-5-2.jpg]
[austry-html.vercel.app/assets/images/testimonial/testimonial-5-3.jpg]
[austry-html.vercel.app/assets/images/blog/news-5-1.jpg]
[austry-html.vercel.app/assets/images/blog/news-5-2.jpg]
[austry-html.vercel.app/assets/images/blog/news-5-3.jpg]
[austry-html.vercel.app/assets/images/shapes/cta-two-shape-1.png]
[austry-html.vercel.app/assets/images/resources/footer-logo-5.png]
[austry-html.vercel.app/index5.html]
[austry-html.vercel.app/assets/images/resources/logo-6.png]
[austry-html.vercel.app/assets/images/backgrounds/main-slider-6-1.jpg]
[austry-html.vercel.app/assets/images/backgrounds/main-slider-6-2.jpg]
[austry-html.vercel.app/assets/images/backgrounds/main-slider-6-3.jpg]
[austry-html.vercel.app/assets/images/backgrounds/feature-three-bg.jpg]
[austry-html.vercel.app/assets/images/resources/about-six-img-1.jpg]
[austry-html.vercel.app/assets/images/resources/about-six-img-2.jpg]
[austry-html.vercel.app/assets/images/backgrounds/about-six-bg-img.png]
[austry-html.vercel.app/assets/images/resources/about-six-person-img-1.jpg]
[austry-html.vercel.app/assets/images/project/project-6-1.jpg]
[austry-html.vercel.app/assets/images/project/project-6-2.jpg]
[austry-html.vercel.app/assets/images/project/project-6-3.jpg]
[austry-html.vercel.app/assets/images/project/project-6-4.jpg]
[austry-html.vercel.app/assets/images/project/project-6-5.jpg]
[austry-html.vercel.app/assets/images/shapes/benefits-one-shape-1.png]
[austry-html.vercel.app/assets/images/resources/benefits-one-points-img.jpg]
[austry-html.vercel.app/assets/images/resources/benefits-one-img-1.jpg]
[austry-html.vercel.app/assets/images/team/team-6-1.jpg]
[austry-html.vercel.app/assets/images/team/team-6-2.jpg]
[austry-html.vercel.app/assets/images/team/team-6-3.jpg]
[austry-html.vercel.app/assets/images/team/team-6-4.jpg]
[austry-html.vercel.app/assets/images/backgrounds/reward-bg.jpg]
[austry-html.vercel.app/assets/images/resources/reward-1-1.jpg]
[austry-html.vercel.app/assets/images/resources/reward-1-2.jpg]
[austry-html.vercel.app/assets/images/resources/reward-1-3.jpg]
[austry-html.vercel.app/assets/images/resources/reward-1-4.jpg]
[austry-html.vercel.app/assets/images/shapes/why-choose-two-shape-1.png]
[austry-html.vercel.app/assets/images/resources/why-choose-two-img-1.jpg]
[austry-html.vercel.app/assets/images/resources/why-choose-two-img-2.jpg]
[austry-html.vercel.app/assets/images/backgrounds/news-six-bg.png]
[austry-html.vercel.app/assets/images/blog/news-6-1.jpg]
[austry-html.vercel.app/assets/images/blog/news-6-2.jpg]
[austry-html.vercel.app/assets/images/blog/news-6-3.jpg]
[austry-html.vercel.app/assets/images/shapes/cta-three-shape-1.png]
[austry-html.vercel.app/assets/images/resources/footer-logo-6.png]
[austry-html.vercel.app/index6.html]
[austry-html.vercel.app/assets/images/resources/about-seven-img-1.jpg]
[austry-html.vercel.app/assets/images/resources/about-seven-img-2.jpg]
[austry-html.vercel.app/about.html]
[austry-html.vercel.app/assets/images/backgrounds/about-page-team-bg.jpg]
[austry-html.vercel.app/assets/images/team/team-1-4.jpg]
[austry-html.vercel.app/assets/images/team/team-1-5.jpg]
[austry-html.vercel.app/team.html]
[austry-html.vercel.app/assets/images/team/team-1-6.jpg]
[austry-html.vercel.app/assets/images/resources/our-clients-1-1.png]
[austry-html.vercel.app/assets/images/resources/our-clients-hover-1-1.png]
[austry-html.vercel.app/assets/images/resources/our-clients-1-2.png]
[austry-html.vercel.app/assets/images/resources/our-clients-hover-1-2.png]
[austry-html.vercel.app/assets/images/resources/our-clients-1-3.png]
[austry-html.vercel.app/assets/images/resources/our-clients-hover-1-3.png]
[austry-html.vercel.app/assets/images/resources/our-clients-1-4.png]
[austry-html.vercel.app/assets/images/resources/our-clients-hover-1-4.png]
[austry-html.vercel.app/assets/images/resources/our-clients-1-5.png]
[austry-html.vercel.app/assets/images/resources/our-clients-hover-1-5.png]
[austry-html.vercel.app/assets/images/resources/our-clients-1-6.png]
[austry-html.vercel.app/assets/images/resources/our-clients-hover-1-6.png]
[austry-html.vercel.app/assets/images/resources/our-clients-1-7.png]
[austry-html.vercel.app/assets/images/resources/our-clients-hover-1-7.png]
[austry-html.vercel.app/assets/images/resources/our-clients-1-8.png]
[austry-html.vercel.app/assets/images/resources/our-clients-hover-1-8.png]
[austry-html.vercel.app/assets/images/resources/our-clients-1-9.png]
[austry-html.vercel.app/assets/images/resources/our-clients-hover-1-9.png]
[austry-html.vercel.app/our-clients.html]
[austry-html.vercel.app/assets/images/backgrounds/faq-page-bg-img.png]
[austry-html.vercel.app/assets/images/backgrounds/service-details-need-help-bg.jpg]
[austry-html.vercel.app/faq.html]
[austry-html.vercel.app/assets/images/services/services-1-4.jpg]
[austry-html.vercel.app/assets/images/services/services-1-5.jpg]
[austry-html.vercel.app/assets/images/services/services-1-6.jpg]
[austry-html.vercel.app/services-1.html]
[austry-html.vercel.app/assets/images/services/services-2-5.jpg]
[austry-html.vercel.app/assets/images/services/services-2-6.jpg]
[austry-html.vercel.app/assets/images/services/services-2-7.jpg]
[austry-html.vercel.app/assets/images/services/services-2-8.jpg]
[austry-html.vercel.app/services-2.html]
[austry-html.vercel.app/assets/images/services/services-3-4.jpg]
[austry-html.vercel.app/assets/images/services/services-3-5.jpg]
[austry-html.vercel.app/assets/images/services/services-3-6.jpg]
[austry-html.vercel.app/services-3.html]
[austry-html.vercel.app/assets/images/services/services-4-4.jpg]
[austry-html.vercel.app/assets/images/services/services-4-5.jpg]
[austry-html.vercel.app/assets/images/services/services-4-6.jpg]
[austry-html.vercel.app/services-4.html]
[austry-html.vercel.app/assets/images/services/services-5-4.jpg]
[austry-html.vercel.app/assets/images/services/services-5-5.jpg]
[austry-html.vercel.app/services-5.html]
[austry-html.vercel.app/assets/images/services/services-5-6.jpg]
[austry-html.vercel.app/services-6.html]
[austry-html.vercel.app/assets/images/services/services-details-img-2.jpg]
[austry-html.vercel.app/mechanical-expert.html]
[austry-html.vercel.app/assets/images/services/service-details-benefit-img.jpg]
[austry-html.vercel.app/assets/images/services/services-details-img-1.jpg]
[austry-html.vercel.app/repair-welding.html]
[austry-html.vercel.app/assets/images/services/services-details-img-3.jpg]
[austry-html.vercel.app/appartment-design.html]
[austry-html.vercel.app/assets/images/services/services-details-img-4.jpg]
[austry-html.vercel.app/design-build.html]
[austry-html.vercel.app/assets/images/services/services-details-img-5.jpg]
[austry-html.vercel.app/house-renovation.html]
[austry-html.vercel.app/assets/images/services/services-details-img-6.jpg]
[austry-html.vercel.app/building-material.html]
[austry-html.vercel.app/assets/images/project/project-6-6.jpg]
[austry-html.vercel.app/projects-1.html]
[austry-html.vercel.app/assets/images/project/project-2-6.jpg]
[austry-html.vercel.app/projects-2.html]
[austry-html.vercel.app/assets/images/project/project-page-3-1.jpg]
[austry-html.vercel.app/assets/images/project/project-page-3-2.jpg]
[austry-html.vercel.app/assets/images/project/project-page-3-3.jpg]
[austry-html.vercel.app/assets/images/project/project-page-3-4.jpg]
[austry-html.vercel.app/assets/images/project/project-page-3-5.jpg]
[austry-html.vercel.app/assets/images/project/project-page-3-6.jpg]
[austry-html.vercel.app/projects-3.html]
[austry-html.vercel.app/assets/images/project/project-details-img-1.jpg]
[austry-html.vercel.app/project-details.html]
[austry-html.vercel.app/assets/images/project/project-details-img-2.jpg]
[austry-html.vercel.app/assets/images/blog/news-1-4.jpg]
[austry-html.vercel.app/assets/images/blog/news-1-5.jpg]
[austry-html.vercel.app/assets/images/blog/news-1-6.jpg]
[austry-html.vercel.app/news.html]
[austry-html.vercel.app/assets/images/blog/news-details-img-1.jpg]
[austry-html.vercel.app/assets/images/blog/comment-1-1.jpg]
[austry-html.vercel.app/assets/images/blog/comment-1-2.jpg]
[austry-html.vercel.app/assets/images/blog/lp-1-1.jpg]
[austry-html.vercel.app/assets/images/blog/lp-1-2.jpg]
[austry-html.vercel.app/assets/images/blog/lp-1-3.jpg]
[austry-html.vercel.app/news-details.html]
[austry-html.vercel.app/index-2.html]
[austry-html.vercel.app/assets/vendors/fontawesome/webfonts/fa-brands-400.svg]
[austry-html.vercel.app/assets/vendors/fontawesome/webfonts/fa-regular-400.svg]
[austry-html.vercel.app/assets/vendors/fontawesome/webfonts/fa-solid-900.svg]
[austry-html.vercel.app/assets/vendors/austry-icons/fonts/icomoon78ed.svg]
[austry-html.vercel.app/assets/vendors/owl-carousel/owl.video.play.html]
[austry-html.vercel.app/assets/vendors/images/icon/bx_loader.html]
[austry-html.vercel.app/assets/vendors/img/bx-slider/controls.html]
[austry-html.vercel.app/assets/vendors/vegas/overlays/02.html]
[austry-html.vercel.app/assets/vendors/timepicker/images/ui-icons_444444_256x240.html]
[austry-html.vercel.app/assets/images/icon/cross-out.html]
[austry-html.vercel.app/assets/images/loader-2.png]
[austry-html.vercel.app/assets/css/color-2.css]
[austry-html.vercel.app/922460088.html]
[austry-html.vercel.app/assets/images/loader-1.png]
[austry-html.vercel.app/assets/css/color-3.css]
[austry-html.vercel.app/assets/images/loader-4.png]
[austry-html.vercel.app/assets/css/color-4.css]
[austry-html.vercel.app/assets/css/color-5.css]
[austry-html.vercel.app/assets/images/loader-6.png]
[austry-html.vercel.app/assets/css/color-6.css]
[austry-html.vercel.app/assets/images/loader-1.html]
